<?xml version="1.0" encoding="UTF-8"?>
<!-- Generated by org.testng.reporters.JUnitReportReporter -->
<testsuite hostname="Lucifer" failures="0" tests="1" name="ContactModule.Framework.CreateContactGroup" time="82.183" errors="0" timestamp="2025-07-22T16:39:26 IST" skipped="0">
  <testcase classname="ContactModule.Framework.CreateContactGroup" name="createNewOrgTest" time="82.183"/>
</testsuite> <!-- ContactModule.Framework.CreateContactGroup -->
