<?xml version="1.0" encoding="UTF-8"?>
<!-- Generated by org.testng.reporters.JUnitReportReporter -->
<testsuite hostname="Lucifer" failures="0" tests="1" name="OrganizationModule.Framework.Create_Org_Test_DDT" time="36.525" errors="0" timestamp="2025-07-22T16:52:06 IST" skipped="0">
  <testcase classname="OrganizationModule.Framework.Create_Org_Test_DDT" name="createNewOrgTest" time="36.525"/>
</testsuite> <!-- OrganizationModule.Framework.Create_Org_Test_DDT -->
