<?xml version="1.0" encoding="UTF-8"?>
<!-- Generated by org.testng.reporters.JUnitReportReporter -->
<testsuite hostname="Lucifer" failures="0" tests="1" name="ContactModule.Framework.Create_Cont_Test_3rd" time="54.519" errors="0" timestamp="2025-07-21T17:37:39 IST" skipped="0">
  <testcase classname="ContactModule.Framework.Create_Cont_Test_3rd" name="createContactModule_3rd" time="54.519"/>
</testsuite> <!-- ContactModule.Framework.Create_Cont_Test_3rd -->
