<?xml version="1.0" encoding="UTF-8"?>
<!-- Generated by org.testng.reporters.JUnitReportReporter -->
<testsuite hostname="Lucifer" failures="0" tests="1" name="ContactModule.Framework.Create_Cont_Test_1st" time="37.382" errors="0" timestamp="2025-07-22T17:31:56 IST" skipped="0">
  <testcase classname="ContactModule.Framework.Create_Cont_Test_1st" name="createContactModule_1st" time="37.382"/>
</testsuite> <!-- ContactModule.Framework.Create_Cont_Test_1st -->
