<?xml version="1.0" encoding="UTF-8"?>
<!-- Generated by org.testng.reporters.JUnitReportReporter -->
<testsuite hostname="Lucifer" failures="0" tests="1" name="OrganizationModule.Create_Org_Test_DDT" time="31.269" errors="0" timestamp="2025-07-09T17:40:33 IST" skipped="0">
  <testcase classname="OrganizationModule.Create_Org_Test_DDT" name="createNewOrgTest" time="31.269"/>
</testsuite> <!-- OrganizationModule.Create_Org_Test_DDT -->
