<?xml version="1.0" encoding="UTF-8"?>
<!-- Generated by org.testng.reporters.JUnitReportReporter -->
<testsuite hostname="Lucifer" failures="0" tests="3" name="Vtiger_Framework.CreateContactGroup" time="131.220" errors="0" timestamp="2025-07-31T16:14:55 IST" skipped="0">
  <testcase classname="Vtiger_Framework.CreateContactGroup" name="createContactModule_2nd" time="27.740">
    <system-out>
      <![CDATA[createContactModule_2nd Test Execution started
createContactModule_2nd Test Execution Success]]>
    </system-out>
  </testcase> <!-- createContactModule_2nd -->
  <testcase classname="Vtiger_Framework.CreateContactGroup" name="createContactModule_3rd" time="72.791">
    <system-out>
      <![CDATA[createContactModule_3rd Test Execution started
createContactModule_3rd Test Execution Success]]>
    </system-out>
  </testcase> <!-- createContactModule_3rd -->
  <testcase classname="Vtiger_Framework.CreateContactGroup" name="createContactModule_1st" time="30.689">
    <system-out>
      <![CDATA[createContactModule_1st Test Execution started
createContactModule_1st Test Execution Success]]>
    </system-out>
  </testcase> <!-- createContactModule_1st -->
  <system-out>
    <![CDATA[Suite Execution started - Configure the Reports
Configure parallel Execution
createContactModule_1st Test Execution started
createContactModule_1st Test Execution Success
createContactModule_2nd Test Execution started
createContactModule_2nd Test Execution Success
createContactModule_3rd Test Execution started
createContactModule_3rd Test Execution Success
createNewOrgTest Test Execution started
createNewOrgTest Test Execution Success
createNewOrgTest_Excel Test Execution started
createNewOrgTest_Excel Test Execution Skipped
createNewOrgTest_Excel_3rd_script Test Execution started
createNewOrgTest_Excel_3rd_script Test Execution Skipped
Close Configuration of parallel Execution]]>
  </system-out>
</testsuite> <!-- Vtiger_Framework.CreateContactGroup -->
