<?xml version="1.0" encoding="UTF-8"?>
<!-- Generated by org.testng.reporters.JUnitReportReporter -->
<testsuite hostname="Lucifer" failures="0" tests="1" name="ContactModule.Framework.Create_Cont_Test_2nd" time="29.430" errors="0" timestamp="2025-07-21T17:37:39 IST" skipped="0">
  <testcase classname="ContactModule.Framework.Create_Cont_Test_2nd" name="createContactModule_2nd" time="29.430"/>
</testsuite> <!-- ContactModule.Framework.Create_Cont_Test_2nd -->
