<?xml version="1.0" encoding="UTF-8"?>
<!-- Generated by org.testng.reporters.JUnitReportReporter -->
<testsuite hostname="Lucifer" failures="0" tests="1" name="ContactModule.Create_Cont_Test_3rd" time="49.339" errors="0" timestamp="2025-07-11T17:54:45 IST" skipped="0">
  <testcase classname="ContactModule.Create_Cont_Test_3rd" name="createContactModule_3rd" time="49.339"/>
</testsuite> <!-- ContactModule.Create_Cont_Test_3rd -->
