<?xml version="1.0" encoding="UTF-8"?>
<!-- Generated by org.testng.reporters.JUnitReportReporter -->
<testsuite hostname="Lucifer" failures="0" tests="1" name="OrganizationModule.Framework.Create_Org_Test_3rd_Script" time="35.140" errors="0" timestamp="2025-07-22T17:31:56 IST" skipped="0">
  <testcase classname="OrganizationModule.Framework.Create_Org_Test_3rd_Script" name="createNewOrgTest_Excel_3rd_script" time="35.140"/>
</testsuite> <!-- OrganizationModule.Framework.Create_Org_Test_3rd_Script -->
