<?xml version="1.0" encoding="UTF-8"?>
<!-- Generated by org.testng.reporters.JUnitReportReporter -->
<testsuite hostname="Lucifer" failures="0" tests="1" name="OrganizationModule.Create_Org_Test" time="85.755" errors="0" timestamp="2025-07-09T16:12:29 IST" skipped="0">
  <testcase classname="OrganizationModule.Create_Org_Test" name="createNewOrgTest" time="85.755"/>
</testsuite> <!-- OrganizationModule.Create_Org_Test -->
