<?xml version="1.0" encoding="UTF-8"?>
<!-- Generated by org.testng.reporters.JUnitReportReporter -->
<testsuite hostname="Lucifer" failures="0" tests="1" name="ContactModule.Create_Cont_Test_1st" time="31.118" errors="0" timestamp="2025-07-15T14:37:09 IST" skipped="0">
  <testcase classname="ContactModule.Create_Cont_Test_1st" name="createContactModule_1st" time="31.118"/>
</testsuite> <!-- ContactModule.Create_Cont_Test_1st -->
