<?xml version="1.0" encoding="UTF-8"?>
<!-- Generated by org.testng.reporters.JUnitReportReporter -->
<testsuite hostname="Lucifer" failures="0" tests="1" name="OrganizationModule.Create_Org_Test_3rd_Script" time="30.801" errors="0" timestamp="2025-07-10T12:53:55 IST" skipped="0">
  <testcase classname="OrganizationModule.Create_Org_Test_3rd_Script" name="createNewOrgTest_Excel_3rd_script" time="30.801"/>
</testsuite> <!-- OrganizationModule.Create_Org_Test_3rd_Script -->
