<?xml version="1.0" encoding="UTF-8"?>
<!-- Generated by org.testng.reporters.JUnitReportReporter -->
<testsuite hostname="Lucifer" failures="0" tests="1" name="ContactModule.Create_Cont_Test_2nd" time="29.320" errors="0" timestamp="2025-07-11T17:12:02 IST" skipped="0">
  <testcase classname="ContactModule.Create_Cont_Test_2nd" name="createContactModule_2nd" time="29.320"/>
</testsuite> <!-- ContactModule.Create_Cont_Test_2nd -->
