<?xml version="1.0" encoding="UTF-8"?>
<!-- Generated by org.testng.reporters.JUnitReportReporter -->
<testsuite hostname="Lucifer" failures="0" tests="1" name="OrganizationModule.Create_Org_Test_Excel" time="29.889" errors="0" timestamp="2025-07-10T12:07:23 IST" skipped="0">
  <testcase classname="OrganizationModule.Create_Org_Test_Excel" name="createNewOrgTest_Excel" time="29.889"/>
</testsuite> <!-- OrganizationModule.Create_Org_Test_Excel -->
