<?xml version="1.0" encoding="UTF-8"?>
<!-- Generated by org.testng.reporters.JUnitReportReporter -->
<testsuite hostname="Lucifer" failures="0" tests="1" name="OrganizationModule.Framework.Create_Org_Test_Excel" time="29.363" errors="0" timestamp="2025-07-21T17:52:51 IST" skipped="0">
  <testcase classname="OrganizationModule.Framework.Create_Org_Test_Excel" name="createNewOrgTest_Excel" time="29.363"/>
</testsuite> <!-- OrganizationModule.Framework.Create_Org_Test_Excel -->
